#
# There is insufficient memory for the Java Runtime Environment to continue.
# Native memory allocation (mmap) failed to map 67108864 bytes for G1 virtual space
# Possible reasons:
#   The system is out of physical RAM or swap space
#   The process is running with CompressedOops enabled, and the Java Heap may be blocking the growth of the native heap
# Possible solutions:
#   Reduce memory load on the system
#   Increase physical memory or swap space
#   Check if swap backing store is full
#   Decrease Java heap size (-Xmx/-Xms)
#   Decrease number of Java threads
#   Decrease Java thread stack sizes (-Xss)
#   Set larger code cache with -XX:ReservedCodeCacheSize=
#   JVM is running with Unscaled Compressed Oops mode in which the Java heap is
#     placed in the first 4GB address space. The Java Heap base address is the
#     maximum limit for the native heap growth. Please use -XX:HeapBaseMinAddress
#     to set the Java Heap base and to place the Java Heap above 4GB virtual address.
# This output file may be truncated or incomplete.
#
#  Out of Memory Error (os_windows.cpp:3548), pid=15908, tid=19508
#
# JRE version:  (17.0.12+8) (build )
# Java VM: Java HotSpot(TM) 64-Bit Server VM (17.0.12+8-LTS-286, mixed mode, sharing, tiered, compressed oops, compressed class ptrs, g1 gc, windows-amd64)
# No core dump will be written. Minidumps are not enabled by default on client versions of Windows
#

---------------  S U M M A R Y ------------

Command Line: -Xmx64m -Xms64m -Dorg.gradle.appname=gradlew org.gradle.wrapper.GradleWrapperMain app:installDebug -PreactNativeDevServerPort=8081

Host: AMD Ryzen 5 4600H with Radeon Graphics         , 12 cores, 7G,  Windows 11 , 64 bit Build 26100 (10.0.26100.2454)
Time: Thu Feb  6 16:28:48 2025 India Standard Time elapsed time: 1.384745 seconds (0d 0h 0m 1s)

---------------  T H R E A D  ---------------

Current thread (0x0000020e5d2cb790):  JavaThread "Unknown thread" [_thread_in_vm, id=19508, stack(0x0000002cc2200000,0x0000002cc2300000)]

Stack: [0x0000002cc2200000,0x0000002cc2300000]
Native frames: (J=compiled Java code, j=interpreted, Vv=VM code, C=native code)
V  [jvm.dll+0x67a04a]
V  [jvm.dll+0x7da4ed]
V  [jvm.dll+0x7dbe33]
V  [jvm.dll+0x7dc4a3]
V  [jvm.dll+0x24508f]
V  [jvm.dll+0x677089]
V  [jvm.dll+0x66bd32]
V  [jvm.dll+0x301fa6]
V  [jvm.dll+0x309546]
V  [jvm.dll+0x359d2e]
V  [jvm.dll+0x359f5f]
V  [jvm.dll+0x2d9078]
V  [jvm.dll+0x2d9fe4]
V  [jvm.dll+0x7aca21]
V  [jvm.dll+0x367591]
V  [jvm.dll+0x78b999]
V  [jvm.dll+0x3ec83f]
V  [jvm.dll+0x3ee471]
C  [jli.dll+0x5297]
C  [ucrtbase.dll+0x14ea0]
C  [KERNEL32.DLL+0x2e8d7]
C  [ntdll.dll+0xdfbcc]


---------------  P R O C E S S  ---------------

Threads class SMR info:
_java_thread_list=0x00007ffee96d7a18, length=0, elements={
}

Java Threads: ( => current thread )

Other Threads:
  0x0000020e5d2e5db0 GCTaskThread "GC Thread#0" [stack: 0x0000002cc2300000,0x0000002cc2400000] [id=15772]
  0x0000020e5d2e7410 ConcurrentGCThread "G1 Main Marker" [stack: 0x0000002cc2400000,0x0000002cc2500000] [id=13888]
  0x0000020e5d2e8d40 ConcurrentGCThread "G1 Conc#0" [stack: 0x0000002cc2500000,0x0000002cc2600000] [id=22188]

[error occurred during error reporting (printing all threads), id 0xc0000005, EXCEPTION_ACCESS_VIOLATION (0xc0000005) at pc=0x00007ffee8f09b67]

VM state: not at safepoint (not fully initialized)

VM Mutex/Monitor currently owned by a thread:  ([mutex/lock_event])
[0x0000020e5d2c6380] Heap_lock - owner thread: 0x0000020e5d2cb790

Heap address: 0x00000000fc000000, size: 64 MB, Compressed Oops mode: 32-bit

CDS archive(s) mapped at: [0x0000000000000000-0x0000000000000000-0x0000000000000000), size 0, SharedBaseAddress: 0x0000000800000000, ArchiveRelocationMode: 1.
Narrow klass base: 0x0000000000000000, Narrow klass shift: 0, Narrow klass range: 0x0

GC Precious Log:
<Empty>

Heap:
 garbage-first heap   total 0K, used 0K [0x00000000fc000000, 0x0000000100000000)
  region size 1024K, 0 young (0K), 0 survivors (0K)

[error occurred during error reporting (printing heap information), id 0xc0000005, EXCEPTION_ACCESS_VIOLATION (0xc0000005) at pc=0x00007ffee92f3859]

GC Heap History (0 events):
No events

Deoptimization events (0 events):
No events

Classes unloaded (0 events):
No events

Classes redefined (0 events):
No events

Internal exceptions (0 events):
No events

VM Operations (0 events):
No events

Events (1 events):
Event: 0.017 Loaded shared library C:\Program Files\Java\jdk-17\bin\java.dll


Dynamic libraries:
0x00007ff7ebeb0000 - 0x00007ff7ebec0000 	C:\Program Files\Java\jdk-17\bin\java.exe
0x00007fff554e0000 - 0x00007fff55743000 	C:\WINDOWS\SYSTEM32\ntdll.dll
0x00007fff54b50000 - 0x00007fff54c18000 	C:\WINDOWS\System32\KERNEL32.DLL
0x00007fff52d50000 - 0x00007fff53102000 	C:\WINDOWS\System32\KERNELBASE.dll
0x00007fff52aa0000 - 0x00007fff52beb000 	C:\WINDOWS\System32\ucrtbase.dll
0x00007fff33100000 - 0x00007fff3311b000 	C:\Program Files\Java\jdk-17\bin\VCRUNTIME140.dll
0x00007fff33120000 - 0x00007fff33139000 	C:\Program Files\Java\jdk-17\bin\jli.dll
0x00007fff55340000 - 0x00007fff553f4000 	C:\WINDOWS\System32\ADVAPI32.dll
0x00007fff54ca0000 - 0x00007fff54d49000 	C:\WINDOWS\System32\msvcrt.dll
0x00007fff53c20000 - 0x00007fff53cc6000 	C:\WINDOWS\System32\sechost.dll
0x00007fff53610000 - 0x00007fff53726000 	C:\WINDOWS\System32\RPCRT4.dll
0x00007fff55130000 - 0x00007fff552f8000 	C:\WINDOWS\System32\USER32.dll
0x00007fff52a70000 - 0x00007fff52a97000 	C:\WINDOWS\System32\win32u.dll
0x00007fff35c50000 - 0x00007fff35ee0000 	C:\WINDOWS\WinSxS\amd64_microsoft.windows.common-controls_6595b64144ccf1df_6.0.26100.2454_none_3e0b68a2e331ad60\COMCTL32.dll
0x00007fff55310000 - 0x00007fff5533a000 	C:\WINDOWS\System32\GDI32.dll
0x00007fff528b0000 - 0x00007fff529db000 	C:\WINDOWS\System32\gdi32full.dll
0x00007fff53290000 - 0x00007fff53333000 	C:\WINDOWS\System32\msvcp_win.dll
0x00007fff4ab90000 - 0x00007fff4ab9b000 	C:\WINDOWS\SYSTEM32\VERSION.dll
0x00007fff54060000 - 0x00007fff5408f000 	C:\WINDOWS\System32\IMM32.DLL
0x00007fff3a9e0000 - 0x00007fff3a9ec000 	C:\Program Files\Java\jdk-17\bin\vcruntime140_1.dll
0x00007fff0cb60000 - 0x00007fff0cbee000 	C:\Program Files\Java\jdk-17\bin\msvcp140.dll
0x00007ffee8c20000 - 0x00007ffee9800000 	C:\Program Files\Java\jdk-17\bin\server\jvm.dll
0x00007fff54f20000 - 0x00007fff54f28000 	C:\WINDOWS\System32\PSAPI.DLL
0x00007fff3a840000 - 0x00007fff3a84a000 	C:\WINDOWS\SYSTEM32\WSOCK32.dll
0x00007fff48040000 - 0x00007fff48076000 	C:\WINDOWS\SYSTEM32\WINMM.dll
0x00007fff53340000 - 0x00007fff533b4000 	C:\WINDOWS\System32\WS2_32.dll
0x00007fff51630000 - 0x00007fff5164a000 	C:\WINDOWS\SYSTEM32\kernel.appcore.dll
0x00007fff37380000 - 0x00007fff3738a000 	C:\Program Files\Java\jdk-17\bin\jimage.dll
0x00007fff49080000 - 0x00007fff492c1000 	C:\WINDOWS\SYSTEM32\DBGHELP.DLL
0x00007fff547c0000 - 0x00007fff54b3e000 	C:\WINDOWS\System32\combase.dll
0x00007fff53f50000 - 0x00007fff54026000 	C:\WINDOWS\System32\OLEAUT32.dll
0x00007fff31f30000 - 0x00007fff31f69000 	C:\WINDOWS\SYSTEM32\dbgcore.DLL
0x00007fff52cb0000 - 0x00007fff52d49000 	C:\WINDOWS\System32\bcryptPrimitives.dll
0x00007fff1c350000 - 0x00007fff1c375000 	C:\Program Files\Java\jdk-17\bin\java.dll

dbghelp: loaded successfully - version: 4.0.5 - missing functions: none
symbol engine: initialized successfully - sym options: 0x614 - pdb path: .;C:\Program Files\Java\jdk-17\bin;C:\WINDOWS\SYSTEM32;C:\WINDOWS\WinSxS\amd64_microsoft.windows.common-controls_6595b64144ccf1df_6.0.26100.2454_none_3e0b68a2e331ad60;C:\Program Files\Java\jdk-17\bin\server

VM Arguments:
jvm_args: -Xmx64m -Xms64m -Dorg.gradle.appname=gradlew 
java_command: org.gradle.wrapper.GradleWrapperMain app:installDebug -PreactNativeDevServerPort=8081
java_class_path (initial): C:\Users\Saatwik\ReactNative\MyProject\android\\gradle\wrapper\gradle-wrapper.jar
Launcher Type: SUN_STANDARD

[Global flags]
     intx CICompilerCount                          = 4                                         {product} {ergonomic}
     uint ConcGCThreads                            = 3                                         {product} {ergonomic}
     uint G1ConcRefinementThreads                  = 10                                        {product} {ergonomic}
   size_t G1HeapRegionSize                         = 1048576                                   {product} {ergonomic}
    uintx GCDrainStackTargetSize                   = 64                                        {product} {ergonomic}
   size_t InitialHeapSize                          = 67108864                                  {product} {command line}
   size_t MarkStackSize                            = 4194304                                   {product} {ergonomic}
   size_t MaxHeapSize                              = 67108864                                  {product} {command line}
   size_t MinHeapDeltaBytes                        = 1048576                                   {product} {ergonomic}
   size_t MinHeapSize                              = 67108864                                  {product} {command line}
    uintx NonNMethodCodeHeapSize                   = 5839372                                {pd product} {ergonomic}
    uintx NonProfiledCodeHeapSize                  = 122909434                              {pd product} {ergonomic}
    uintx ProfiledCodeHeapSize                     = 122909434                              {pd product} {ergonomic}
    uintx ReservedCodeCacheSize                    = 251658240                              {pd product} {ergonomic}
     bool SegmentedCodeCache                       = true                                      {product} {ergonomic}
   size_t SoftMaxHeapSize                          = 67108864                               {manageable} {ergonomic}
     bool UseCompressedClassPointers               = true                           {product lp64_product} {ergonomic}
     bool UseCompressedOops                        = true                           {product lp64_product} {ergonomic}
     bool UseG1GC                                  = true                                      {product} {ergonomic}
     bool UseLargePagesIndividualAllocation        = false                                  {pd product} {ergonomic}

Logging:
Log output configuration:
 #0: stdout all=warning uptime,level,tags
 #1: stderr all=off uptime,level,tags

Environment Variables:
JAVA_HOME=C:\Program Files\Java\jdk-17
CLASSPATH=C:\Users\Saatwik\ReactNative\MyProject\android\\gradle\wrapper\gradle-wrapper.jar
PATH=C:\Users\Saatwik\ReactNative\MyProject\node_modules\.bin;C:\Users\Saatwik\ReactNative\MyProject\node_modules\.bin;C:\Users\Saatwik\ReactNative\node_modules\.bin;C:\Users\Saatwik\node_modules\.bin;C:\Users\node_modules\.bin;C:\node_modules\.bin;C:\Users\Saatwik\AppData\Roaming\npm\node_modules\npm\node_modules\@npmcli\run-script\lib\node-gyp-bin;C:\Program Files\OpenSSL-Win64\bin;C:\windows\system32;C:\windows;C:\windows\System32\Wbem;C:\windows\System32\WindowsPowerShell\v1.0\;C:\windows\System32\OpenSSH\;C:\Program Files (x86)\NVIDIA Corporation\PhysX\Common;C:\Program Files\NVIDIA Corporation\NVIDIA NvDLISR;C:\Program Files\MATLAB\R2022a\bin;C:\MinGW\bin;C:\Program Files\dotnet\;C:\WINDOWS\system32;C:\WINDOWS;C:\WINDOWS\System32\Wbem;C:\WINDOWS\System32\WindowsPowerShell\v1.0\;C:\WINDOWS\System32\OpenSSH\;C:\Program Files\MySQL\MySQL Server 8.0\bin;C:\Program Files\HP\HP One Agent;C:\Program Files (x86)\STMicroelectronics\STM32 ST-LINK Utility\ST-LINK Utility;C:\ProgramData\chocolatey\bin;C:\Program Files\CMake\bin;C:\Program Files\Git\cmd;C:\Program Files\MongoDB\Server\7.0\bin;C:\Program Files\Cloudflare\Cloudflare WARP\;C:\Program Files\nodejs\;C:\Users\Saatwik\AppData\Local\Android\Sdk;C:\Users\Saatwik\AppData\Local\Android\Sdk\platform-tools;C:\WINDOWS\system32;C:\WINDOWS;C:\WINDOWS\System32\Wbem;C:\WINDOWS\System32\WindowsPowerShell\v1.0\;C:\WINDOWS\System32\OpenSSH\;C:\Program Files\Java\jdk-17;"C:\Program Files\Java\jdk-17\bin;%PATH%";C:\Program Files\Java\jdk-17\bin;C:\Program Files\OpenSSL-Win64\bin;C:\windows\system32;C:\windows;C:\windows\System32\Wbem;C:\windows\System32\WindowsPowerShell\v1.0\;C:\windows\System32\OpenSSH\;C:\Program Files (x86)\NVIDIA Corporation\PhysX\Common;C:\Program Files\NVIDIA Corporation\NVIDIA NvDLISR;C:\Program Files\MATLAB\R2022a\bin;C:\MinGW\bin;C:\Program Files\dotnet\;C:\WINDOWS\system32;C:\WINDOWS;C:\WINDOWS\System32\Wbem;C:\WINDOWS\System32\WindowsPowerShell\v1.0\;C:\WINDOWS\System32\OpenSSH\;C:\Program Files\MySQL\M
USERNAME=Saatwik
LANG=en_US.UTF-8
OS=Windows_NT
PROCESSOR_IDENTIFIER=AMD64 Family 23 Model 96 Stepping 1, AuthenticAMD



---------------  S Y S T E M  ---------------

OS:
 Windows 11 , 64 bit Build 26100 (10.0.26100.2454)
OS uptime: 0 days 23:20 hours
Hyper-V role detected

CPU: total 12 (initial active 12) (12 cores per cpu, 2 threads per core) family 23 model 96 stepping 1 microcode 0x8600109, cx8, cmov, fxsr, ht, mmx, 3dnowpref, sse, sse2, sse3, ssse3, sse4a, sse4.1, sse4.2, popcnt, lzcnt, tsc, tscinvbit, avx, avx2, aes, clmul, bmi1, bmi2, adx, sha, fma, vzeroupper, clflush, clflushopt, hv

Memory: 4k page, system-wide physical 7539M (669M free)
TotalPageFile size 31091M (AvailPageFile size 66M)
current process WorkingSet (physical memory assigned to process): 12M, peak: 12M
current process commit charge ("private bytes"): 63M, peak: 127M

vm_info: Java HotSpot(TM) 64-Bit Server VM (17.0.12+8-LTS-286) for windows-amd64 JRE (17.0.12+8-LTS-286), built on Jun  5 2024 06:46:59 by "mach5one" with MS VC++ 17.6 (VS2022)

END.
